已經開始建置於 2018/1/2 上午 03:46:20。
     1>節點 2 (Build 目標) 上的專案 "D:\使用者\期末project\日記程式\Project1\Project1\Project1.vcxproj"。
     1>C:\Program Files (x86)\MSBuild\Microsoft.Cpp\v4.0\V120\Microsoft.CppBuild.targets(356,5): warning MSB8004: Intermediate Directory does not end with a trailing slash.  This build instance will add the slash as it is required to allow proper evaluation of the Intermediate Directory.
     1>C:\Program Files (x86)\MSBuild\Microsoft.Cpp\v4.0\V120\Microsoft.CppBuild.targets(357,5): warning MSB8004: Output Directory does not end with a trailing slash.  This build instance will add the slash as it is required to allow proper evaluation of the Output Directory.
     1>ClCompile:
         C:\Program Files (x86)\Microsoft Visual Studio 12.0\VC\bin\CL.exe /c /I"D:\使用者\期末project\日記程式\include" /ZI /nologo /W3 /WX- /sdl- /Od /Oy- /D _MBCS /Gm /EHsc /RTC1 /MDd /GS /fp:precise /Zc:wchar_t /Zc:forScope /Fo"..\..\temp\debug\\" /Fd"..\..\temp\debug\vc120.pdb" /Gd /TC /analyze- /errorReport:prompt ..\..\source\main.c
         main.c
     1>d:\使用者\期末project\日記程式\source\main.c(10): warning C4996: 'localtime': This function or variable may be unsafe. Consider using localtime_s instead. To disable deprecation, use _CRT_SECURE_NO_WARNINGS. See online help for details.
                 c:\program files (x86)\microsoft visual studio 12.0\vc\include\time.inl(112) : 請參閱 'localtime' 的宣告
     1>d:\使用者\期末project\日記程式\source\main.c(27): warning C4996: 'scanf': This function or variable may be unsafe. Consider using scanf_s instead. To disable deprecation, use _CRT_SECURE_NO_WARNINGS. See online help for details.
                 c:\program files (x86)\microsoft visual studio 12.0\vc\include\stdio.h(283) : 請參閱 'scanf' 的宣告
     1>d:\使用者\期末project\日記程式\source\main.c(28): warning C4996: 'fopen': This function or variable may be unsafe. Consider using fopen_s instead. To disable deprecation, use _CRT_SECURE_NO_WARNINGS. See online help for details.
                 c:\program files (x86)\microsoft visual studio 12.0\vc\include\stdio.h(211) : 請參閱 'fopen' 的宣告
     1>d:\使用者\期末project\日記程式\source\main.c(19): warning C4101: 'str' : 未參考的區域變數
     1>d:\使用者\期末project\日記程式\source\main.c(62): warning C4996: 'fopen': This function or variable may be unsafe. Consider using fopen_s instead. To disable deprecation, use _CRT_SECURE_NO_WARNINGS. See online help for details.
                 c:\program files (x86)\microsoft visual studio 12.0\vc\include\stdio.h(211) : 請參閱 'fopen' 的宣告
     1>d:\使用者\期末project\日記程式\source\main.c(63): warning C4996: 'scanf': This function or variable may be unsafe. Consider using scanf_s instead. To disable deprecation, use _CRT_SECURE_NO_WARNINGS. See online help for details.
                 c:\program files (x86)\microsoft visual studio 12.0\vc\include\stdio.h(283) : 請參閱 'scanf' 的宣告
     1>d:\使用者\期末project\日記程式\source\main.c(78): warning C4996: 'scanf': This function or variable may be unsafe. Consider using scanf_s instead. To disable deprecation, use _CRT_SECURE_NO_WARNINGS. See online help for details.
                 c:\program files (x86)\microsoft visual studio 12.0\vc\include\stdio.h(283) : 請參閱 'scanf' 的宣告
     1>d:\使用者\期末project\日記程式\source\main.c(91): warning C4013: 'system' 未定義; 假設 extern 傳回整數
       Link:
         C:\Program Files (x86)\Microsoft Visual Studio 12.0\VC\bin\link.exe /ERRORREPORT:PROMPT /OUT:"..\..\temp\debug\Project1.exe" /INCREMENTAL /NOLOGO kernel32.lib user32.lib gdi32.lib winspool.lib comdlg32.lib advapi32.lib shell32.lib ole32.lib oleaut32.lib uuid.lib odbc32.lib odbccp32.lib /MANIFEST /MANIFESTUAC:"level='asInvoker' uiAccess='false'" /manifest:embed /DEBUG /PDB:"..\..\temp\debug\Project1.pdb" /TLBID:1 /DYNAMICBASE /NXCOMPAT /IMPLIB:"..\..\temp\debug\Project1.lib" /MACHINE:X86 ..\..\temp\debug\main.obj
         Project1.vcxproj -> D:\使用者\期末project\日記程式\Project1\Project1\..\..\temp\debug\Project1.exe
     1>專案 "D:\使用者\期末project\日記程式\Project1\Project1\Project1.vcxproj" (Build 目標) 建置完成。

建置成功。

經過時間 00:00:00.46
